[1/51] boundary      accum_or_64__L253  match=0  div=100  skip=0  flip=1.000  (27.8s)
[2/51] boundary      accum_sub_64__L253  match=1  div=99  skip=0  flip=0.990  (27.7s)
[3/51] boundary      accum_xor_64__L253  match=0  div=100  skip=0  flip=1.000  (27.7s)
[4/51] boundary      deep_chain_32__L169  match=95  div=5  skip=0  flip=0.050  (27.6s)
[5/51] boundary      deep_chain_64__L168  match=98  div=2  skip=0  flip=0.020  (27.5s)
[6/51] boundary      loop_accum_add_16__L49  match=63  div=37  skip=0  flip=0.370  (27.5s)
[7/51] boundary      loop_accum_add_32__L60  match=52  div=48  skip=0  flip=0.480  (27.4s)
[8/51] boundary      loop_accum_add_32__L62  match=32  div=68  skip=0  flip=0.680  (27.5s)
[9/51] boundary      loop_accum_add_32__L90  match=31  div=69  skip=0  flip=0.690  (27.5s)
[10/51] boundary      loop_accum_xor_32__L80  match=59  div=41  skip=0  flip=0.410  (27.5s)
[11/51] boundary      loop_accum_xor_32__L82  match=65  div=35  skip=0  flip=0.350  (27.5s)
[12/51] random_stable accum_add_32__L157  match=100  div=0  skip=0  flip=0.000  (27.7s)
[13/51] random_stable accum_add_96__L432  match=100  div=0  skip=0  flip=0.000  (27.9s)
[14/51] random_stable accum_and_16__L110  match=100  div=0  skip=0  flip=0.000  (27.5s)
[15/51] random_stable accum_and_32__L164  match=100  div=0  skip=0  flip=0.000  (27.6s)
[16/51] random_stable accum_and_32__L182  match=100  div=0  skip=0  flip=0.000  (27.6s)
[17/51] random_stable accum_and_4__L44  match=100  div=0  skip=0  flip=0.000  (27.5s)
[18/51] random_stable accum_and_64__L323  match=100  div=0  skip=0  flip=0.000  (27.8s)
[19/51] random_stable accum_and_64__L345  match=100  div=0  skip=0  flip=0.000  (27.7s)
[20/51] random_stable accum_and_64__L375  match=100  div=0  skip=0  flip=0.000  (27.8s)
[21/51] random_stable accum_and_64__L420  match=100  div=0  skip=0  flip=0.000  (27.8s)
[22/51] random_stable accum_and_8__L63  match=100  div=0  skip=0  flip=0.000  (27.5s)
[23/51] random_stable accum_and_96__L478  match=100  div=0  skip=0  flip=0.000  (27.9s)
[24/51] random_stable accum_or_16__L95  match=100  div=0  skip=0  flip=0.000  (27.5s)
[25/51] random_stable accum_or_32__L147  match=100  div=0  skip=0  flip=0.000  (27.6s)
[26/51] random_stable accum_or_64__L295  match=100  div=0  skip=0  flip=0.000  (27.9s)
[27/51] random_stable accum_or_64__L330  match=99  div=1  skip=0  flip=0.010  (27.8s)
[28/51] random_stable accum_or_64__L337  match=100  div=0  skip=0  flip=0.000  (27.8s)
[29/51] random_stable accum_sub_64__L265  match=100  div=0  skip=0  flip=0.000  (27.8s)
[30/51] random_stable accum_sub_64__L307  match=100  div=0  skip=0  flip=0.000  (27.9s)
[31/51] random_stable accum_sub_64__L310  match=100  div=0  skip=0  flip=0.000  (27.9s)
[32/51] random_stable accum_sub_64__L320  match=100  div=0  skip=0  flip=0.000  (27.8s)
[33/51] random_stable accum_sub_64__L322  match=100  div=0  skip=0  flip=0.000  (27.8s)
[34/51] random_stable accum_sub_64__L335  match=100  div=0  skip=0  flip=0.000  (27.8s)
[35/51] random_stable accum_sub_96__L151  match=100  div=0  skip=0  flip=0.000  (27.9s)
[36/51] random_stable accum_sub_96__L477  match=100  div=0  skip=0  flip=0.000  (27.9s)
[37/51] random_stable accum_xor_96__L410  match=100  div=0  skip=0  flip=0.000  (27.9s)
[38/51] random_stable load_compute_store_4__L41  match=100  div=0  skip=0  flip=0.000  (27.5s)
[39/51] random_stable loop_accum_add_128__L273  match=100  div=0  skip=0  flip=0.000  (27.6s)
[40/51] random_stable loop_accum_add_64__L123  match=100  div=0  skip=0  flip=0.000  (27.6s)
[41/51] random_stable loop_accum_add_64__L163  match=96  div=4  skip=0  flip=0.040  (27.5s)
[42/51] random_stable loop_accum_add_64__L166  match=100  div=0  skip=0  flip=0.000  (27.4s)
[43/51] random_stable loop_accum_xor_128__L238  match=100  div=0  skip=0  flip=0.000  (27.5s)
[44/51] random_stable loop_accum_xor_128__L281  match=100  div=0  skip=0  flip=0.000  (27.6s)
[45/51] random_stable loop_accum_xor_128__L286  match=100  div=0  skip=0  flip=0.000  (27.5s)
[46/51] random_stable loop_accum_xor_32__L62  match=34  div=66  skip=0  flip=0.660  (27.5s)
[47/51] random_stable regs_pressure_32__L99  match=100  div=0  skip=0  flip=0.000  (27.6s)
[48/51] random_stable regs_pressure_64__L136  match=100  div=0  skip=0  flip=0.000  (27.4s)
[49/51] random_stable regs_pressure_64__L151  match=100  div=0  skip=0  flip=0.000  (27.5s)
[50/51] random_stable regs_pressure_64__L166  match=100  div=0  skip=0  flip=0.000  (27.5s)
[51/51] random_stable regs_pressure_64__L216  match=100  div=0  skip=0  flip=0.000  (27.4s)

total 1409.6s
