Classifying 1162 BM-tested mutants (879 match, 283 divergent) across 109 kernels
  accum_add_16: 13 waitcnts aligned
  accum_add_32: 21 waitcnts aligned
  accum_add_4: 7 waitcnts aligned
  accum_add_64: 39 waitcnts aligned
  accum_add_8: 9 waitcnts aligned
  accum_add_96: 44 waitcnts aligned
  accum_and_16: 20 waitcnts aligned
  accum_and_32: 36 waitcnts aligned
  accum_and_4: 8 waitcnts aligned
  accum_and_64: 71 waitcnts aligned
  accum_and_8: 12 waitcnts aligned
  accum_and_96: 103 waitcnts aligned
  accum_or_16: 13 waitcnts aligned
  accum_or_32: 21 waitcnts aligned
  accum_or_4: 7 waitcnts aligned
  accum_or_64: 39 waitcnts aligned
  accum_or_8: 9 waitcnts aligned
  accum_or_96: 44 waitcnts aligned
  accum_sub_16: 13 waitcnts aligned
  accum_sub_32: 21 waitcnts aligned
  accum_sub_4: 7 waitcnts aligned
  accum_sub_64: 39 waitcnts aligned
  accum_sub_8: 9 waitcnts aligned
  accum_sub_96: 44 waitcnts aligned
  accum_xor_16: 13 waitcnts aligned
  accum_xor_32: 21 waitcnts aligned
  accum_xor_4: 7 waitcnts aligned
  accum_xor_64: 39 waitcnts aligned
  accum_xor_8: 9 waitcnts aligned
  accum_xor_96: 44 waitcnts aligned
  deep_chain_16: 21 waitcnts aligned
  deep_chain_32: 37 waitcnts aligned
  deep_chain_64: 69 waitcnts aligned
  load_compute_store_16: 23 waitcnts aligned
  load_compute_store_4: 9 waitcnts aligned
  load_compute_store_8: 13 waitcnts aligned
  load_overwrite: 4 waitcnts aligned
  loop_accum_add_128: 38 waitcnts aligned
  loop_accum_add_16: 12 waitcnts aligned
  loop_accum_add_32: 20 waitcnts aligned
  loop_accum_add_64: 36 waitcnts aligned
  loop_accum_add_8: 8 waitcnts aligned
  loop_accum_xor_128: 38 waitcnts aligned
  loop_accum_xor_16: 12 waitcnts aligned
  loop_accum_xor_32: 20 waitcnts aligned
  loop_accum_xor_64: 36 waitcnts aligned
  loop_accum_xor_8: 8 waitcnts aligned
  mixed_add_c0x2A_add_c1: 5 waitcnts aligned
  mixed_add_c0x2A_xor_c0x2A: 5 waitcnts aligned
  mixed_add_c0x2A_xor_c1: 5 waitcnts aligned
  mixed_add_c1_add_c0x2A: 5 waitcnts aligned
  mixed_add_c1_add_c1: 5 waitcnts aligned
  mixed_add_c1_xor_c0x2A: 5 waitcnts aligned
  mixed_add_c1_xor_c1: 5 waitcnts aligned
  mixed_xor_c0x2A_add_c0x2A: 5 waitcnts aligned
  mixed_xor_c0x2A_add_c1: 5 waitcnts aligned
  mixed_xor_c0x2A_xor_c0x2A: 5 waitcnts aligned
  mixed_xor_c0x2A_xor_c1: 5 waitcnts aligned
  mixed_xor_c1_add_c0x2A: 5 waitcnts aligned
  mixed_xor_c1_add_c1: 5 waitcnts aligned
  mixed_xor_c1_xor_c0x2A: 5 waitcnts aligned
  mixed_xor_c1_xor_c1: 5 waitcnts aligned
  regs_pressure_32: 35 waitcnts aligned
  regs_pressure_64: 66 waitcnts aligned
  rmw_add_c0x2A: 5 waitcnts aligned
  rmw_add_c1: 5 waitcnts aligned
  rmw_add_c7: 5 waitcnts aligned
  rmw_and_c0x2A: 5 waitcnts aligned
  rmw_and_c1: 5 waitcnts aligned
  rmw_and_c7: 5 waitcnts aligned
  rmw_idx_add_c0x2A_i0: 5 waitcnts aligned
  rmw_idx_add_c0x2A_i1: 5 waitcnts aligned
  rmw_idx_add_c0x2A_i8: 5 waitcnts aligned
  rmw_idx_add_c1_i0: 5 waitcnts aligned
  rmw_idx_add_c1_i1: 5 waitcnts aligned
  rmw_idx_add_c1_i8: 5 waitcnts aligned
  rmw_idx_xor_c0x2A_i0: 5 waitcnts aligned
  rmw_idx_xor_c0x2A_i1: 5 waitcnts aligned
  rmw_idx_xor_c0x2A_i8: 5 waitcnts aligned
  rmw_idx_xor_c1_i0: 5 waitcnts aligned
  rmw_idx_xor_c1_i1: 5 waitcnts aligned
  rmw_idx_xor_c1_i8: 5 waitcnts aligned
  rmw_mul_c0x2A: 5 waitcnts aligned
  rmw_mul_c0xDEAD: 5 waitcnts aligned
  rmw_mul_c1: 5 waitcnts aligned
  rmw_mul_c7: 5 waitcnts aligned
  rmw_or_c0x2A: 5 waitcnts aligned
  rmw_or_c1: 5 waitcnts aligned
  rmw_or_c7: 5 waitcnts aligned
  rmw_sub_c1: 5 waitcnts aligned
  rmw_sub_c7: 5 waitcnts aligned
  rmw_xor_c0x2A: 5 waitcnts aligned
  rmw_xor_c1: 5 waitcnts aligned
  rmw_xor_c7: 5 waitcnts aligned
  store_chain_32: 5 waitcnts aligned
  store_chain_64: 7 waitcnts aligned
  store_then_load: 4 waitcnts aligned
  storeload_c0x2A_c1: 4 waitcnts aligned
  storeload_c0x2A_c7: 4 waitcnts aligned
  storeload_c0xDEAD_c1: 4 waitcnts aligned
  storeload_c0xDEAD_c7: 4 waitcnts aligned
  storeload_c1_c1: 4 waitcnts aligned
  storeload_c1_c7: 4 waitcnts aligned
  two_buf_add: 6 waitcnts aligned
  two_buf_and: 6 waitcnts aligned
  two_buf_mul: 6 waitcnts aligned
  two_buf_or: 6 waitcnts aligned
  two_buf_sub: 6 waitcnts aligned
  two_buf_xor: 6 waitcnts aligned

Wrote 1162 classifications to /home/hrishi/Documents/sail-rdna/results/redundancy_classification.csv
